_TS,_POS,PID,PLACE,MOVE
1,1,1,mf,pass
2,1,1,mf,pass
2,2,1,mf,lbal
2,1,1,mf,lbal
3,1,1,mf,pass
3,2,1,mf,lbal
3,1,1,mf,lbal
4,1,1,mf,pass
4,2,1,mf,lbal
4,1,1,mf,lbal
5,1,1,mf,pass
5,2,1,mf,lbal
5,1,1,mf,lbal
6,1,1,mf,pass
6,2,1,mf,lbal
6,1,1,mf,lbal
6,1,3,oi,rec
7,1,1,mf,pass
7,2,1,mf,lbal
7,1,3,oi,cond
7,1,1,mf,lbal
7,1,3,oi,rec
7,2,3,oi,cond
8,1,1,mf,pass
8,2,1,mf,lbal
8,1,3,oi,cond
8,2,3,oi,bpas
8,1,1,mf,lbal
8,1,3,oi,rec
8,2,3,oi,cond
8,3,3,oi,bpas
9,1,1,mf,pass
9,2,1,mf,lbal
9,1,3,oi,cond
9,2,3,oi,bpas
9,1,1,mf,lbal
9,1,3,oi,rec
9,2,3,oi,cond
9,3,3,oi,bpas
10,1,1,mf,pass
10,2,1,mf,lbal
10,1,3,oi,cond
10,2,3,oi,bpas
10,1,1,mf,lbal
10,1,3,oi,rec
10,2,3,oi,cond
10,3,3,oi,bpas
11,1,1,mf,pass
11,2,1,mf,lbal
11,1,3,oi,cond
11,2,3,oi,bpas
11,1,1,mf,lbal
11,1,3,oi,rec
11,2,3,oi,cond
11,3,3,oi,bpas
12,1,3,oi,cond
12,2,3,oi,bpas
12,1,1,mf,rec
12,1,1,mf,pass
12,2,1,mf,lbal
12,1,3,oi,rec
12,2,3,oi,cond
12,3,3,oi,bpas
13,1,1,oi,cond
13,1,3,oi,cond
13,2,3,oi,bpas
13,1,1,mf,rec
13,2,1,oi,cond
13,1,1,mf,pass
13,2,1,mf,lbal
13,1,3,oi,rec
13,2,3,oi,cond
13,3,3,oi,bpas
14,1,1,oi,cond
14,2,1,oi,drib
14,1,1,oi,drib
14,1,1,mf,rec
14,2,1,oi,cond
14,3,1,oi,drib
14,1,1,mf,pass
14,2,1,mf,lbal
14,1,3,oi,rec
14,2,3,oi,cond
14,3,3,oi,bpas
15,1,1,oi,cond
15,2,1,oi,drib
15,1,1,oi,drib
15,1,1,mf,rec
15,2,1,oi,cond
15,3,1,oi,drib
15,1,1,mf,pass
15,2,1,mf,lbal
15,1,3,oi,rec
15,2,3,oi,cond
15,3,3,oi,bpas
16,1,2,oi,cond
16,1,1,oi,cond
16,2,1,oi,drib
16,1,1,oi,drib
16,1,1,mf,rec
16,2,1,oi,cond
16,3,1,oi,drib
16,1,1,mf,pass
16,2,1,mf,lbal
16,1,3,oi,rec
16,2,3,oi,cond
16,3,3,oi,bpas
17,1,1,oi,cond
17,2,1,oi,drib
17,1,1,oi,drib
17,1,1,mf,rec
17,2,1,oi,cond
17,3,1,oi,drib
17,1,1,mf,pass
17,2,1,mf,lbal
17,1,2,oi,pass
17,1,3,oi,rec
17,2,3,oi,cond
17,3,3,oi,bpas
18,1,1,oi,cond
18,2,1,oi,drib
18,1,1,oi,drib
18,1,1,mf,rec
18,2,1,oi,cond
18,3,1,oi,drib
18,1,1,mf,pass
18,2,1,mf,lbal
18,1,2,oi,pass
18,1,4,oi,rec
18,1,3,oi,rec
18,2,3,oi,cond
18,3,3,oi,bpas
19,1,1,oi,cond
19,2,1,oi,drib
19,1,1,oi,drib
19,1,1,mf,rec
19,2,1,oi,cond
19,3,1,oi,drib
19,1,4,mf,cond
19,1,1,mf,pass
19,2,1,mf,lbal
19,1,2,oi,pass
19,1,3,oi,rec
19,2,3,oi,cond
19,3,3,oi,bpas
20,1,1,oi,cond
20,2,1,oi,drib
20,1,1,oi,drib
20,1,1,mf,rec
20,2,1,oi,cond
20,3,1,oi,drib
20,1,4,mf,cond
20,2,4,oa,cond
20,1,1,mf,pass
20,2,1,mf,lbal
20,1,2,oi,pass
20,1,3,oi,rec
20,2,3,oi,cond
20,3,3,oi,bpas
20,1,4,oa,cond
21,1,1,oi,cond
21,1,1,oi,cond
21,2,1,oi,drib
21,1,1,oi,drib
21,1,1,mf,rec
21,2,1,oi,cond
21,3,1,oi,drib
21,1,4,mf,cond
21,2,4,oa,cond
21,1,1,mf,pass
21,2,1,mf,lbal
21,1,2,oi,pass
21,1,3,oi,rec
21,2,3,oi,cond
21,3,3,oi,bpas
21,1,4,oa,cond
22,1,1,oi,cond
22,2,1,oi,drib
22,1,1,oi,cond
22,2,1,oi,drib
22,1,1,oi,drib
22,1,1,oi,drib
22,1,1,mf,rec
22,2,1,oi,cond
22,3,1,oi,drib
22,1,4,mf,cond
22,2,4,oa,cond
22,1,1,mf,pass
22,2,1,mf,lbal
22,1,2,oi,pass
22,1,3,oi,rec
22,2,3,oi,cond
22,3,3,oi,bpas
22,1,4,oa,cond
23,1,1,oi,cond
23,2,1,oi,drib
23,1,1,oi,cond
23,2,1,oi,drib
23,1,1,oi,drib
23,1,1,oi,drib
23,1,1,mf,rec
23,2,1,oi,cond
23,3,1,oi,drib
23,1,4,mf,cond
23,2,4,oa,cond
23,1,1,mf,pass
23,2,1,mf,lbal
23,1,2,oi,pass
23,1,3,oi,rec
23,2,3,oi,cond
23,3,3,oi,bpas
23,1,4,oa,cond
24,1,3,oi,cond
24,1,1,oi,cond
24,2,1,oi,drib
24,1,1,oi,cond
24,2,1,oi,drib
24,1,1,oi,drib
24,1,1,oi,drib
24,1,1,mf,rec
24,2,1,oi,cond
24,3,1,oi,drib
24,1,4,mf,cond
24,2,4,oa,cond
24,1,1,mf,pass
24,2,1,mf,lbal
24,1,2,oi,pass
24,1,3,oi,rec
24,2,3,oi,cond
24,3,3,oi,bpas
24,1,4,oa,cond
25,1,3,oi,cond
25,1,1,oi,cond
25,2,1,oi,drib
25,1,1,oi,cond
25,2,1,oi,drib
25,1,1,oi,drib
25,1,1,oi,drib
25,1,1,mf,rec
25,2,1,oi,cond
25,3,1,oi,drib
25,1,4,mf,cond
25,2,4,oa,cond
25,1,1,mf,pass
25,2,1,mf,lbal
25,1,2,oi,pass
25,1,2,oi,pass
25,1,3,oi,rec
25,2,3,oi,cond
25,3,3,oi,bpas
25,1,4,oa,cond
